app/build/intermediates/manifest_merge_blame_file/debug/manifest-merger-blame-debug-report.txt
1<?xml version="1.0" encoding="utf-8"?>
2<manifest xmlns:android="http://schemas.android.com/apk/res/android"
3    package="com.sample.app.drivepoints"
4    android:versionCode="1"
5    android:versionName="1.0" >
6
7    <uses-sdk
8        android:minSdkVersion="16"
8-->src\main\AndroidManifest.xml
9        android:targetSdkVersion="30" />
9-->src\main\AndroidManifest.xml
10
11    <uses-permission android:name="android.permission.ACCESS_NETWORK_STATE" />
11-->src\main\AndroidManifest.xml:5:5-79
11-->src\main\AndroidManifest.xml:5:22-76
12    <uses-permission android:name="android.permission.INTERNET" />
12-->src\main\AndroidManifest.xml:6:5-67
12-->src\main\AndroidManifest.xml:6:22-64
13    <uses-permission android:name="android.permission.ACCESS_FINE_LOCATION" />
13-->src\main\AndroidManifest.xml:7:5-79
13-->src\main\AndroidManifest.xml:7:22-76
14    <uses-permission android:name="android.permission.ACCESS_COARSE_LOCATION" />
14-->src\main\AndroidManifest.xml:8:5-81
14-->src\main\AndroidManifest.xml:8:22-78
15    <uses-permission android:name="android.permission.ACCESS_WIFI_STATE" />
15-->[com.google.android.libraries.places:places:2.4.0] AndroidManifest.xml:10:5-76
15-->[com.google.android.libraries.places:places:2.4.0] AndroidManifest.xml:10:22-73
16
17    <uses-feature
17-->[com.google.android.gms:play-services-maps:17.0.0] AndroidManifest.xml:26:5-28:35
18        android:glEsVersion="0x00020000"
18-->[com.google.android.gms:play-services-maps:17.0.0] AndroidManifest.xml:27:9-41
19        android:required="true" />
19-->[com.google.android.gms:play-services-maps:17.0.0] AndroidManifest.xml:28:9-32
20
21    <application
21-->src\main\AndroidManifest.xml:10:5-78:19
22        android:name="androidx.multidex.MultiDexApplication"
23        android:allowBackup="true"
23-->src\main\AndroidManifest.xml:11:9-35
24        android:appComponentFactory="androidx.core.app.CoreComponentFactory"
24-->[androidx.core:core:1.3.1] AndroidManifest.xml:24:18-86
25        android:debuggable="true"
26        android:icon="@drawable/app_icon"
26-->src\main\AndroidManifest.xml:12:9-42
27        android:label="@string/app_name"
27-->src\main\AndroidManifest.xml:13:9-41
28        android:roundIcon="@drawable/app_icon"
28-->src\main\AndroidManifest.xml:14:9-47
29        android:supportsRtl="true"
29-->src\main\AndroidManifest.xml:15:9-35
30        android:testOnly="true"
31        android:theme="@style/AppTheme"
31-->src\main\AndroidManifest.xml:16:9-40
32        android:usesCleartextTraffic="true" >
32-->src\main\AndroidManifest.xml:17:9-44
33        <meta-data
33-->src\main\AndroidManifest.xml:19:9-21:55
34            android:name="com.google.android.geo.API_KEY"
34-->src\main\AndroidManifest.xml:20:13-58
35            android:value="@string/google_maps_key" />
35-->src\main\AndroidManifest.xml:21:13-52
36
37        <activity
37-->src\main\AndroidManifest.xml:23:9-31:20
38            android:name="com.sample.app.drivepoints.Activities.SplashActivity"
38-->src\main\AndroidManifest.xml:24:13-54
39            android:theme="@style/Theme.AppCompat.DayNight.NoActionBar" >
39-->src\main\AndroidManifest.xml:25:13-72
40            <intent-filter>
40-->src\main\AndroidManifest.xml:26:13-30:29
41                <action android:name="android.intent.action.MAIN" />
41-->src\main\AndroidManifest.xml:27:17-69
41-->src\main\AndroidManifest.xml:27:25-66
42
43                <category android:name="android.intent.category.LAUNCHER" />
43-->src\main\AndroidManifest.xml:29:17-77
43-->src\main\AndroidManifest.xml:29:27-74
44            </intent-filter>
45        </activity>
46        <activity
46-->src\main\AndroidManifest.xml:32:9-34:75
47            android:name="com.sample.app.drivepoints.Activities.IntroActivity"
47-->src\main\AndroidManifest.xml:33:13-53
48            android:theme="@style/Theme.AppCompat.DayNight.NoActionBar" />
48-->src\main\AndroidManifest.xml:34:13-72
49        <activity
49-->src\main\AndroidManifest.xml:35:9-37:75
50            android:name="com.sample.app.drivepoints.Activities.ChooseLoginActivity"
50-->src\main\AndroidManifest.xml:36:13-59
51            android:theme="@style/Theme.AppCompat.DayNight.NoActionBar" />
51-->src\main\AndroidManifest.xml:37:13-72
52        <activity
52-->src\main\AndroidManifest.xml:38:9-40:75
53            android:name="com.sample.app.drivepoints.Activities.LoginActivity"
53-->src\main\AndroidManifest.xml:39:13-53
54            android:theme="@style/Theme.AppCompat.DayNight.NoActionBar" />
54-->src\main\AndroidManifest.xml:40:13-72
55        <activity
55-->src\main\AndroidManifest.xml:41:9-44:55
56            android:name="com.sample.app.drivepoints.Activities.MainActivity"
56-->src\main\AndroidManifest.xml:42:13-52
57            android:theme="@style/Theme.AppCompat.DayNight.NoActionBar"
57-->src\main\AndroidManifest.xml:43:13-72
58            android:windowSoftInputMode="adjustPan" />
58-->src\main\AndroidManifest.xml:44:13-52
59        <activity
59-->src\main\AndroidManifest.xml:45:9-47:75
60            android:name="com.sample.app.drivepoints.Activities.DriveActivity"
60-->src\main\AndroidManifest.xml:46:13-53
61            android:theme="@style/Theme.AppCompat.DayNight.NoActionBar" />
61-->src\main\AndroidManifest.xml:47:13-72
62        <activity
62-->src\main\AndroidManifest.xml:48:9-50:75
63            android:name="com.sample.app.drivepoints.Activities.TestActivity"
63-->src\main\AndroidManifest.xml:49:13-52
64            android:theme="@style/Theme.AppCompat.DayNight.NoActionBar" />
64-->src\main\AndroidManifest.xml:50:13-72
65
66        <service
66-->src\main\AndroidManifest.xml:52:9-55:72
67            android:name="com.sample.app.drivepoints.Utils.LocationUpdatesService"
67-->src\main\AndroidManifest.xml:53:13-57
68            android:label="My Location Service Update "
68-->src\main\AndroidManifest.xml:54:13-56
69            android:permission="android.permission.BIND_JOB_SERVICE" />
69-->src\main\AndroidManifest.xml:55:13-69
70
71        <meta-data
71-->src\main\AndroidManifest.xml:57:9-59:55
72            android:name="com.facebook.sdk.ApplicationId"
72-->src\main\AndroidManifest.xml:58:13-58
73            android:value="@string/facebook_app_id" />
73-->src\main\AndroidManifest.xml:59:13-52
74
75        <activity
75-->src\main\AndroidManifest.xml:61:9-64:48
76            android:name="com.facebook.FacebookActivity"
76-->src\main\AndroidManifest.xml:62:13-57
77            android:configChanges="keyboard|keyboardHidden|screenLayout|screenSize|orientation"
77-->src\main\AndroidManifest.xml:63:13-96
78            android:label="@string/app_name"
78-->src\main\AndroidManifest.xml:64:13-45
79            android:theme="@style/com_facebook_activity_theme" />
79-->[com.facebook.android:facebook-common:4.31.0] AndroidManifest.xml:32:13-63
80        <activity
80-->src\main\AndroidManifest.xml:65:9-76:20
81            android:name="com.facebook.CustomTabActivity"
81-->src\main\AndroidManifest.xml:66:13-58
82            android:exported="true" >
82-->src\main\AndroidManifest.xml:67:13-36
83            <intent-filter>
83-->src\main\AndroidManifest.xml:68:13-75:29
84                <action android:name="android.intent.action.VIEW" />
84-->src\main\AndroidManifest.xml:69:17-69
84-->src\main\AndroidManifest.xml:69:25-66
85
86                <category android:name="android.intent.category.DEFAULT" />
86-->src\main\AndroidManifest.xml:71:17-76
86-->src\main\AndroidManifest.xml:71:27-73
87                <category android:name="android.intent.category.BROWSABLE" />
87-->src\main\AndroidManifest.xml:72:17-78
87-->src\main\AndroidManifest.xml:72:27-75
88
89                <data android:scheme="@string/fb_login_protocol_scheme" />
89-->src\main\AndroidManifest.xml:74:17-75
89-->src\main\AndroidManifest.xml:74:23-72
90            </intent-filter>
91        </activity>
92        <activity
92-->[com.google.android.libraries.places:places:2.4.0] AndroidManifest.xml:14:9-20:20
93            android:name="com.google.android.libraries.places.widget.AutocompleteActivity"
93-->[com.google.android.libraries.places:places:2.4.0] AndroidManifest.xml:15:13-91
94            android:exported="false"
94-->[com.google.android.libraries.places:places:2.4.0] AndroidManifest.xml:16:13-37
95            android:label="@string/places_autocomplete_label"
95-->[com.google.android.libraries.places:places:2.4.0] AndroidManifest.xml:17:13-62
96            android:theme="@style/PlacesAutocompleteOverlay"
96-->[com.google.android.libraries.places:places:2.4.0] AndroidManifest.xml:18:13-61
97            android:windowSoftInputMode="adjustResize" >
97-->[com.google.android.libraries.places:places:2.4.0] AndroidManifest.xml:19:13-55
98        </activity>
99        <activity android:name="com.facebook.CustomTabMainActivity" />
99-->[com.facebook.android:facebook-common:4.31.0] AndroidManifest.xml:33:9-71
99-->[com.facebook.android:facebook-common:4.31.0] AndroidManifest.xml:33:19-68
100        <activity
100-->[com.google.android.gms:play-services-auth:19.0.0] AndroidManifest.xml:23:9-27:75
101            android:name="com.google.android.gms.auth.api.signin.internal.SignInHubActivity"
101-->[com.google.android.gms:play-services-auth:19.0.0] AndroidManifest.xml:24:13-93
102            android:excludeFromRecents="true"
102-->[com.google.android.gms:play-services-auth:19.0.0] AndroidManifest.xml:25:13-46
103            android:exported="false"
103-->[com.google.android.gms:play-services-auth:19.0.0] AndroidManifest.xml:26:13-37
104            android:theme="@android:style/Theme.Translucent.NoTitleBar" />
104-->[com.google.android.gms:play-services-auth:19.0.0] AndroidManifest.xml:27:13-72
105        <!--
106            Service handling Google Sign-In user revocation. For apps that do not integrate with
107            Google Sign-In, this service will never be started.
108        -->
109        <service
109-->[com.google.android.gms:play-services-auth:19.0.0] AndroidManifest.xml:33:9-37:51
110            android:name="com.google.android.gms.auth.api.signin.RevocationBoundService"
110-->[com.google.android.gms:play-services-auth:19.0.0] AndroidManifest.xml:34:13-89
111            android:exported="true"
111-->[com.google.android.gms:play-services-auth:19.0.0] AndroidManifest.xml:35:13-36
112            android:permission="com.google.android.gms.auth.api.signin.permission.REVOCATION_NOTIFICATION"
112-->[com.google.android.gms:play-services-auth:19.0.0] AndroidManifest.xml:36:13-107
113            android:visibleToInstantApps="true" /> <!-- Needs to be explicitly declared on P+ -->
113-->[com.google.android.gms:play-services-auth:19.0.0] AndroidManifest.xml:37:13-48
114        <uses-library
114-->[com.google.android.gms:play-services-maps:17.0.0] AndroidManifest.xml:33:9-35:40
115            android:name="org.apache.http.legacy"
115-->[com.google.android.gms:play-services-maps:17.0.0] AndroidManifest.xml:34:13-50
116            android:required="false" />
116-->[com.google.android.gms:play-services-maps:17.0.0] AndroidManifest.xml:35:13-37
117
118        <activity
118-->[com.google.android.gms:play-services-base:17.2.1] AndroidManifest.xml:23:9-26:75
119            android:name="com.google.android.gms.common.api.GoogleApiActivity"
119-->[com.google.android.gms:play-services-base:17.2.1] AndroidManifest.xml:24:13-79
120            android:exported="false"
120-->[com.google.android.gms:play-services-base:17.2.1] AndroidManifest.xml:25:13-37
121            android:theme="@android:style/Theme.Translucent.NoTitleBar" />
121-->[com.google.android.gms:play-services-base:17.2.1] AndroidManifest.xml:26:13-72
122
123        <meta-data
123-->[com.google.android.gms:play-services-basement:17.2.1] AndroidManifest.xml:23:9-25:69
124            android:name="com.google.android.gms.version"
124-->[com.google.android.gms:play-services-basement:17.2.1] AndroidManifest.xml:24:13-58
125            android:value="@integer/google_play_services_version" />
125-->[com.google.android.gms:play-services-basement:17.2.1] AndroidManifest.xml:25:13-66
126        <!--
127         The initialization ContentProvider will call FacebookSdk.sdkInitialize automatically
128         with the application context. This config is merged in with the host app's manifest,
129         but there can only be one provider with the same authority activated at any given
130         point; so if the end user has two or more different apps that use Facebook SDK, only the
131         first one will be able to use the provider. To work around this problem, we use the
132         following placeholder in the authority to identify each host application as if it was
133         a completely different provider.
134        -->
135        <provider
135-->[com.facebook.android:facebook-core:4.31.0] AndroidManifest.xml:39:9-42:40
136            android:name="com.facebook.internal.FacebookInitProvider"
136-->[com.facebook.android:facebook-core:4.31.0] AndroidManifest.xml:40:13-70
137            android:authorities="com.sample.app.drivepoints.FacebookInitProvider"
137-->[com.facebook.android:facebook-core:4.31.0] AndroidManifest.xml:41:13-72
138            android:exported="false" />
138-->[com.facebook.android:facebook-core:4.31.0] AndroidManifest.xml:42:13-37
139
140        <service
140-->[com.google.android.datatransport:transport-backend-cct:2.3.0] AndroidManifest.xml:29:9-35:19
141            android:name="com.google.android.datatransport.runtime.backends.TransportBackendDiscovery"
141-->[com.google.android.datatransport:transport-backend-cct:2.3.0] AndroidManifest.xml:30:13-103
142            android:exported="false" >
142-->[com.google.android.datatransport:transport-backend-cct:2.3.0] AndroidManifest.xml:31:13-37
143            <meta-data
143-->[com.google.android.datatransport:transport-backend-cct:2.3.0] AndroidManifest.xml:32:13-34:39
144                android:name="backend:com.google.android.datatransport.cct.CctBackendFactory"
144-->[com.google.android.datatransport:transport-backend-cct:2.3.0] AndroidManifest.xml:33:17-94
145                android:value="cct" />
145-->[com.google.android.datatransport:transport-backend-cct:2.3.0] AndroidManifest.xml:34:17-36
146        </service>
147        <service
147-->[com.google.android.datatransport:transport-runtime:2.2.3] AndroidManifest.xml:26:9-30:19
148            android:name="com.google.android.datatransport.runtime.scheduling.jobscheduling.JobInfoSchedulerService"
148-->[com.google.android.datatransport:transport-runtime:2.2.3] AndroidManifest.xml:27:13-117
149            android:exported="false"
149-->[com.google.android.datatransport:transport-runtime:2.2.3] AndroidManifest.xml:28:13-37
150            android:permission="android.permission.BIND_JOB_SERVICE" >
150-->[com.google.android.datatransport:transport-runtime:2.2.3] AndroidManifest.xml:29:13-69
151        </service>
152
153        <receiver
153-->[com.google.android.datatransport:transport-runtime:2.2.3] AndroidManifest.xml:32:9-34:40
154            android:name="com.google.android.datatransport.runtime.scheduling.jobscheduling.AlarmManagerSchedulerBroadcastReceiver"
154-->[com.google.android.datatransport:transport-runtime:2.2.3] AndroidManifest.xml:33:13-132
155            android:exported="false" />
155-->[com.google.android.datatransport:transport-runtime:2.2.3] AndroidManifest.xml:34:13-37
156
157        <provider
157-->[androidx.lifecycle:lifecycle-process:2.1.0] AndroidManifest.xml:23:9-27:43
158            android:name="androidx.lifecycle.ProcessLifecycleOwnerInitializer"
158-->[androidx.lifecycle:lifecycle-process:2.1.0] AndroidManifest.xml:24:13-79
159            android:authorities="com.sample.app.drivepoints.lifecycle-process"
159-->[androidx.lifecycle:lifecycle-process:2.1.0] AndroidManifest.xml:25:13-69
160            android:exported="false"
160-->[androidx.lifecycle:lifecycle-process:2.1.0] AndroidManifest.xml:26:13-37
161            android:multiprocess="true" />
161-->[androidx.lifecycle:lifecycle-process:2.1.0] AndroidManifest.xml:27:13-40
162    </application>
163
164</manifest>